<?xml version="1.0" encoding="UTF-8"?>
<testsuite name="Test QaTools.com" tests="1" skipped="0" failures="1" errors="0" timestamp="2022-11-28T02:12:42" hostname="192.168.1.4" time="5.519">
  <properties/>
  <testcase name="As Test Automation, I test iFrame funcionality on Alerts, Frame and Windows." classname="Test QaTools.com" time="5.519">
    <failure message="org.openqa.selenium.NoSuchWindowException: no such window: target window already closed&#10;from unknown error: web view not found&#10;  (Session info: chrome=107.0.5304.121)&#10;Build info: version: '4.1.4', revision: '535d840ee2'&#10;System info: host: '192.168.1.4', ip: '2800:a4:2676:a000:7974:de6a:3147:a0e4%en0', os.name: 'Mac OS X', os.arch: 'aarch64', os.version: '13.0', java.version: '17.0.1'&#10;Driver info: org.openqa.selenium.chrome.ChromeDriver&#10;Command: [5d27fd00eecdfd78ee1cb260cd4848d6, executeScript {script=window.scrollBy(0,250), args=[]}]&#10;Capabilities {acceptInsecureCerts: false, browserName: chrome, browserVersion: 107.0.5304.121, chrome: {chromedriverVersion: 107.0.5304.62 (1eec40d3a576..., userDataDir: /var/folders/h_/83z9w6ss29l...}, goog:chromeOptions: {debuggerAddress: localhost:49938}, javascriptEnabled: true, networkConnectionEnabled: false, pageLoadStrategy: normal, platform: MAC, platformName: MAC, proxy: Proxy(), se:cdp: ws://localhost:49938/devtoo..., se:cdpVersion: 107.0.5304.121, setWindowRect: true, strictFileInteractability: false, timeouts: {implicit: 0, pageLoad: 300000, script: 30000}, unhandledPromptBehavior: dismiss and notify, webauthn:extension:credBlob: true, webauthn:extension:largeBlob: true, webauthn:virtualAuthenticators: true}&#10;Session ID: 5d27fd00eecdfd78ee1cb260cd4848d6" type="org.openqa.selenium.NoSuchWindowException">org.openqa.selenium.NoSuchWindowException: no such window: target window already closed
from unknown error: web view not found
  (Session info: chrome=107.0.5304.121)
Build info: version: '4.1.4', revision: '535d840ee2'
System info: host: '192.168.1.4', ip: '2800:a4:2676:a000:7974:de6a:3147:a0e4%en0', os.name: 'Mac OS X', os.arch: 'aarch64', os.version: '13.0', java.version: '17.0.1'
Driver info: org.openqa.selenium.chrome.ChromeDriver
Command: [5d27fd00eecdfd78ee1cb260cd4848d6, executeScript {script=window.scrollBy(0,250), args=[]}]
Capabilities {acceptInsecureCerts: false, browserName: chrome, browserVersion: 107.0.5304.121, chrome: {chromedriverVersion: 107.0.5304.62 (1eec40d3a576..., userDataDir: /var/folders/h_/83z9w6ss29l...}, goog:chromeOptions: {debuggerAddress: localhost:49938}, javascriptEnabled: true, networkConnectionEnabled: false, pageLoadStrategy: normal, platform: MAC, platformName: MAC, proxy: Proxy(), se:cdp: ws://localhost:49938/devtoo..., se:cdpVersion: 107.0.5304.121, setWindowRect: true, strictFileInteractability: false, timeouts: {implicit: 0, pageLoad: 300000, script: 30000}, unhandledPromptBehavior: dismiss and notify, webauthn:extension:credBlob: true, webauthn:extension:largeBlob: true, webauthn:virtualAuthenticators: true}
Session ID: 5d27fd00eecdfd78ee1cb260cd4848d6
	at java.base@17.0.1/jdk.internal.reflect.NativeConstructorAccessorImpl.newInstance0(Native Method)
	at java.base@17.0.1/jdk.internal.reflect.NativeConstructorAccessorImpl.newInstance(NativeConstructorAccessorImpl.java:77)
	at java.base@17.0.1/jdk.internal.reflect.DelegatingConstructorAccessorImpl.newInstance(DelegatingConstructorAccessorImpl.java:45)
	at java.base@17.0.1/java.lang.reflect.Constructor.newInstanceWithCaller(Constructor.java:499)
	at java.base@17.0.1/java.lang.reflect.Constructor.newInstance(Constructor.java:480)
	at app//org.openqa.selenium.remote.codec.w3c.W3CHttpResponseCodec.createException(W3CHttpResponseCodec.java:200)
	at app//org.openqa.selenium.remote.codec.w3c.W3CHttpResponseCodec.decode(W3CHttpResponseCodec.java:133)
	at app//org.openqa.selenium.remote.codec.w3c.W3CHttpResponseCodec.decode(W3CHttpResponseCodec.java:53)
	at app//org.openqa.selenium.remote.HttpCommandExecutor.execute(HttpCommandExecutor.java:184)
	at app//org.openqa.selenium.remote.service.DriverCommandExecutor.invokeExecute(DriverCommandExecutor.java:167)
	at app//org.openqa.selenium.remote.service.DriverCommandExecutor.execute(DriverCommandExecutor.java:142)
	at app//org.openqa.selenium.remote.RemoteWebDriver.execute(RemoteWebDriver.java:567)
	at app//org.openqa.selenium.remote.RemoteWebDriver.executeScript(RemoteWebDriver.java:501)
	at app//pages.BasePage.scrollllWeb(BasePage.java:88)
	at app//pages.QaDemoPage.scrollWindow(QaDemoPage.java:118)
	at app//steps.QaToolsSteps.scrollWeb(QaToolsSteps.java:31)
	at ✽.Scroll Web(file:///Users/ramirocaceres/IdeaProjects/Automation/src/test/resources/features/QaTools.feature:7)
</failure>
  </testcase>
  <system-out><![CDATA[]]></system-out>
  <system-err><![CDATA[SLF4J: Failed to load class "org.slf4j.impl.StaticLoggerBinder".
SLF4J: Defaulting to no-operation (NOP) logger implementation
SLF4J: See http://www.slf4j.org/codes.html#StaticLoggerBinder for further details.
Starting ChromeDriver 107.0.5304.62 (1eec40d3a5764881c92085aaee66d25075c159aa-refs/branch-heads/5304@{#942}) on port 62669
Only local connections are allowed.
Please see https://chromedriver.chromium.org/security-considerations for suggestions on keeping ChromeDriver safe.
ChromeDriver was started successfully.
Nov 27, 2022 11:12:45 PM org.openqa.selenium.remote.ProtocolHandshake createSession
INFO: Detected dialect: W3C
Nov 27, 2022 11:12:45 PM org.openqa.selenium.devtools.CdpVersionFinder findNearestMatch
WARNING: Unable to find an exact match for CDP version 107, so returning the closest version found: a no-op implementation
Nov 27, 2022 11:12:45 PM org.openqa.selenium.devtools.CdpVersionFinder findNearestMatch
INFO: Unable to find CDP implementation matching 107.
Nov 27, 2022 11:12:45 PM org.openqa.selenium.chromium.ChromiumDriver lambda$new$3
WARNING: Unable to find version of CDP to use for . You may need to include a dependency on a specific version of the CDP using something similar to `org.seleniumhq.selenium:selenium-devtools-v86:4.1.4` where the version ("v86") matches the version of the chromium-based browser you're using and the version number of the artifact is the same as Selenium's.
]]></system-err>
</testsuite>
